  Balle.cpp
C:\Users\sdf07\source\repos\Projet2\Projet2\Balle.h(28,19): warning C4244: 'argument' : conversion de 'int' en 'float', perte possible de données
C:\Users\sdf07\source\repos\Projet2\Projet2\Balle.h(30,36): warning C4244: 'argument' : conversion de 'int' en 'float', perte possible de données
C:\Users\sdf07\source\repos\Projet2\Projet2\Balle.h(30,27): warning C4244: 'argument' : conversion de 'int' en 'float', perte possible de données
C:\Users\sdf07\source\repos\Projet2\Projet2\Balle.h(54,47): warning C4244: 'argument' : conversion de 'int' en 'float', perte possible de données
C:\Users\sdf07\source\repos\Projet2\Projet2\Balle.h(54,23): warning C4244: 'argument' : conversion de 'int' en 'float', perte possible de données
  main.cpp
C:\Users\sdf07\source\repos\Projet2\Projet2\Balle.h(28,19): warning C4244: 'argument' : conversion de 'int' en 'float', perte possible de données
C:\Users\sdf07\source\repos\Projet2\Projet2\Balle.h(30,36): warning C4244: 'argument' : conversion de 'int' en 'float', perte possible de données
C:\Users\sdf07\source\repos\Projet2\Projet2\Balle.h(30,27): warning C4244: 'argument' : conversion de 'int' en 'float', perte possible de données
C:\Users\sdf07\source\repos\Projet2\Projet2\Balle.h(54,47): warning C4244: 'argument' : conversion de 'int' en 'float', perte possible de données
C:\Users\sdf07\source\repos\Projet2\Projet2\Balle.h(54,23): warning C4244: 'argument' : conversion de 'int' en 'float', perte possible de données
C:\Users\sdf07\source\repos\Projet2\Projet2\Raquette.h(21,36): warning C4244: 'argument' : conversion de 'int' en 'T', perte possible de données
          with
          [
              T=float
          ]
C:\Users\sdf07\source\repos\Projet2\Projet2\Raquette.h(21,26): warning C4244: 'argument' : conversion de 'int' en 'T', perte possible de données
          with
          [
              T=float
          ]
C:\Users\sdf07\source\repos\Projet2\Projet2\Raquette.h(23,28): warning C4244: 'argument' : conversion de 'int' en 'float', perte possible de données
C:\Users\sdf07\source\repos\Projet2\Projet2\Raquette.h(23,21): warning C4244: 'argument' : conversion de 'int' en 'float', perte possible de données
C:\Users\sdf07\source\repos\Projet2\Projet2\Raquette.h(37,15): warning C4244: 'argument' : conversion de 'int' en 'float', perte possible de données
C:\Users\sdf07\source\repos\Projet2\Projet2\Raquette.h(41,15): warning C4244: 'argument' : conversion de 'int' en 'float', perte possible de données
  Génération de code en cours...
  Projet2.vcxproj -> C:\Users\sdf07\source\repos\Projet2\Debug\Projet2.exe
